
SQL*Loader: Release 19.0.0.0.0 - Production on Sun May 2 17:00:13 2021
Version 19.3.0.0.0

Copyright (c) 1982, 2019, Oracle and/or its affiliates.  All rights reserved.

Control File:   C:\Users\dbapr\OneDrive\Documents\Training\Oracle\control\stocks.ctl
Data File:      C:\Users\dbapr\OneDrive\Documents\Training\Oracle\data\stocks.csv
  Bad File:     C:\Users\dbapr\OneDrive\Documents\Training\Oracle\data\stocks.bad
  Discard File:  none specified
 
 (Allow all discards)

Number to load: ALL
Number to skip: 0
Errors allowed: 50
Continuation:    none specified
Path used:      Direct

Table STOCKS.DATA, loaded from every logical record.
Insert option in effect for this table: TRUNCATE
TRAILING NULLCOLS option in effect

   Column Name                  Position   Len  Term Encl Datatype
------------------------------ ---------- ----- ---- ---- ---------------------
TICKER                              FIRST     *   ,       CHARACTER            
DT                                   NEXT     *   ,       CHARACTER            
    SQL string for column : "to_date(:dt, 'yyyy-mm-dd')"
HIGH                                 NEXT     *   ,       CHARACTER            
LOW                                  NEXT     *   ,       CHARACTER            
OPEN                                 NEXT     *   ,       CHARACTER            
CLOSE                                NEXT     *   ,       CHARACTER            
VOLUME                               NEXT     *   ,       CHARACTER            
ADJ_CLOSE                            NEXT     *   ,       CHARACTER            
CHANGE                               NEXT     *   ,       CHARACTER            
PCT_CHANGE                           NEXT     *   ,       CHARACTER            

Record 1: Rejected - Error on table STOCKS.DATA, column HIGH.
ORA-01722: invalid number


Table STOCKS.DATA:
  41014 Rows successfully loaded.
  1 Row not loaded due to data errors.
  0 Rows not loaded because all WHEN clauses were failed.
  0 Rows not loaded because all fields were null.

Bind array size not used in direct path.
Column array  rows :    5000
Stream buffer bytes:  256000
Read   buffer bytes: 1048576

Total logical records skipped:          0
Total logical records read:         41015
Total logical records rejected:         1
Total logical records discarded:        0
Total stream buffers loaded by SQL*Loader main thread:       12
Total stream buffers loaded by SQL*Loader load thread:       12

Run began on Sun May 02 17:00:13 2021
Run ended on Sun May 02 17:00:19 2021

Elapsed time was:     00:00:06.15
CPU time was:         00:00:00.34
